<?xml version="1.0" encoding="UTF-8"?>
<!-- Generated by org.testng.reporters.JUnitReportReporter -->
<testsuite hostname="DESKTOP-9H86UB9" failures="0" tests="6" name="com.POS.Testcases.VerifyHomePageTest" time="157.029" errors="1" timestamp="2023-03-20T06:58:58 GST" skipped="2">
  <testcase classname="com.POS.Testcases.VerifyHomePageTest" name="validateElementsDisplay" time="22.347"/>
  <system-out/>
  <testcase classname="com.POS.Testcases.VerifyHomePageTest" name="validateLanguageSelection" time="16.773"/>
  <system-out/>
  <testcase classname="com.POS.Testcases.VerifyHomePageTest" name="validateMenuDisplay" time="15.060"/>
  <system-out/>
  <testcase classname="com.POS.Testcases.VerifyHomePageTest" name="validateMenuClick" time="51.078">
    <skipped/>
  </testcase> <!-- validateMenuClick -->
  <system-out/>
  <testcase classname="com.POS.Testcases.VerifyHomePageTest" name="validateMenuClick" time="21.726">
    <error type="java.lang.StackOverflowError">
      <![CDATA[java.lang.StackOverflowError
at com.POS.PageObjects.Store.tableStore(Store.java:81)
at com.POS.PageObjects.Store.tableStore(Store.java:81)
at com.POS.PageObjects.Store.tableStore(Store.java:81)
at com.POS.PageObjects.Store.tableStore(Store.java:81)
at com.POS.PageObjects.Store.tableStore(Store.java:81)
at com.POS.PageObjects.Store.tableStore(Store.java:81)
at com.POS.PageObjects.Store.tableStore(Store.java:81)
at com.POS.PageObjects.Store.tableStore(Store.java:81)
at com.POS.PageObjects.Store.tableStore(Store.java:81)
at com.POS.PageObjects.Store.tableStore(Store.java:81)
at com.POS.PageObjects.Store.tableStore(Store.java:81)
at com.POS.PageObjects.Store.tableStore(Store.java:81)
at com.POS.PageObjects.Store.tableStore(Store.java:81)
at com.POS.PageObjects.Store.tableStore(Store.java:81)
at com.POS.PageObjects.Store.tableStore(Store.java:81)
at com.POS.PageObjects.Store.tableStore(Store.java:81)
at com.POS.PageObjects.Store.tableStore(Store.java:81)
at com.POS.PageObjects.Store.tableStore(Store.java:81)
at com.POS.PageObjects.Store.tableStore(Store.java:81)
at com.POS.PageObjects.Store.tableStore(Store.java:81)
at com.POS.PageObjects.Store.tableStore(Store.java:81)
at com.POS.PageObjects.Store.tableStore(Store.java:81)
at com.POS.PageObjects.Store.tableStore(Store.java:81)
at com.POS.PageObjects.Store.tableStore(Store.java:81)
at com.POS.PageObjects.Store.tableStore(Store.java:81)
at com.POS.PageObjects.Store.tableStore(Store.java:81)
at com.POS.PageObjects.Store.tableStore(Store.java:81)
at com.POS.PageObjects.Store.tableStore(Store.java:81)
at com.POS.PageObjects.Store.tableStore(Store.java:81)
at com.POS.PageObjects.Store.tableStore(Store.java:81)
at com.POS.PageObjects.Store.tableStore(Store.java:81)
at com.POS.PageObjects.Store.tableStore(Store.java:81)
at com.POS.PageObjects.Store.tableStore(Store.java:81)
at com.POS.PageObjects.Store.tableStore(Store.java:81)
at com.POS.PageObjects.Store.tableStore(Store.java:81)
at com.POS.PageObjects.Store.tableStore(Store.java:81)
at com.POS.PageObjects.Store.tableStore(Store.java:81)
at com.POS.PageObjects.Store.tableStore(Store.java:81)
at com.POS.PageObjects.Store.tableStore(Store.java:81)
at com.POS.PageObjects.Store.tableStore(Store.java:81)
at com.POS.PageObjects.Store.tableStore(Store.java:81)
at com.POS.PageObjects.Store.tableStore(Store.java:81)
at com.POS.PageObjects.Store.tableStore(Store.java:81)
at com.POS.PageObjects.Store.tableStore(Store.java:81)
at com.POS.PageObjects.Store.tableStore(Store.java:81)
at com.POS.PageObjects.Store.tableStore(Store.java:81)
at com.POS.PageObjects.Store.tableStore(Store.java:81)
at com.POS.PageObjects.Store.tableStore(Store.java:81)
at com.POS.PageObjects.Store.tableStore(Store.java:81)
at com.POS.PageObjects.Store.tableStore(Store.java:81)
at com.POS.PageObjects.Store.tableStore(Store.java:81)
at com.POS.PageObjects.Store.tableStore(Store.java:81)
at com.POS.PageObjects.Store.tableStore(Store.java:81)
at com.POS.PageObjects.Store.tableStore(Store.java:81)
at com.POS.PageObjects.Store.tableStore(Store.java:81)
at com.POS.PageObjects.Store.tableStore(Store.java:81)
at com.POS.PageObjects.Store.tableStore(Store.java:81)
at com.POS.PageObjects.Store.tableStore(Store.java:81)
at com.POS.PageObjects.Store.tableStore(Store.java:81)
at com.POS.PageObjects.Store.tableStore(Store.java:81)
at com.POS.PageObjects.Store.tableStore(Store.java:81)
at com.POS.PageObjects.Store.tableStore(Store.java:81)
at com.POS.PageObjects.Store.tableStore(Store.java:81)
at com.POS.PageObjects.Store.tableStore(Store.java:81)
at com.POS.PageObjects.Store.tableStore(Store.java:81)
at com.POS.PageObjects.Store.tableStore(Store.java:81)
at com.POS.PageObjects.Store.tableStore(Store.java:81)
at com.POS.PageObjects.Store.tableStore(Store.java:81)
at com.POS.PageObjects.Store.tableStore(Store.java:81)
at com.POS.PageObjects.Store.tableStore(Store.java:81)
at com.POS.PageObjects.Store.tableStore(Store.java:81)
at com.POS.PageObjects.Store.tableStore(Store.java:81)
at com.POS.PageObjects.Store.tableStore(Store.java:81)
at com.POS.PageObjects.Store.tableStore(Store.java:81)
at com.POS.PageObjects.Store.tableStore(Store.java:81)
at com.POS.PageObjects.Store.tableStore(Store.java:81)
at com.POS.PageObjects.Store.tableStore(Store.java:81)
at com.POS.PageObjects.Store.tableStore(Store.java:81)
at com.POS.PageObjects.Store.tableStore(Store.java:81)
at com.POS.PageObjects.Store.tableStore(Store.java:81)
at com.POS.PageObjects.Store.tableStore(Store.java:81)
at com.POS.PageObjects.Store.tableStore(Store.java:81)
at com.POS.PageObjects.Store.tableStore(Store.java:81)
at com.POS.PageObjects.Store.tableStore(Store.java:81)
at com.POS.PageObjects.Store.tableStore(Store.java:81)
at com.POS.PageObjects.Store.tableStore(Store.java:81)
at com.POS.PageObjects.Store.tableStore(Store.java:81)
at com.POS.PageObjects.Store.tableStore(Store.java:81)
at com.POS.PageObjects.Store.tableStore(Store.java:81)
at com.POS.PageObjects.Store.tableStore(Store.java:81)
at com.POS.PageObjects.Store.tableStore(Store.java:81)
at com.POS.PageObjects.Store.tableStore(Store.java:81)
at com.POS.PageObjects.Store.tableStore(Store.java:81)
at com.POS.PageObjects.Store.tableStore(Store.java:81)
at com.POS.PageObjects.Store.tableStore(Store.java:81)
at com.POS.PageObjects.Store.tableStore(Store.java:81)
at com.POS.PageObjects.Store.tableStore(Store.java:81)
at com.POS.PageObjects.Store.tableStore(Store.java:81)
at com.POS.PageObjects.Store.tableStore(Store.java:81)
at com.POS.PageObjects.Store.tableStore(Store.java:81)
at com.POS.PageObjects.Store.tableStore(Store.java:81)
at com.POS.PageObjects.Store.tableStore(Store.java:81)
at com.POS.PageObjects.Store.tableStore(Store.java:81)
at com.POS.PageObjects.Store.tableStore(Store.java:81)
at com.POS.PageObjects.Store.tableStore(Store.java:81)
at com.POS.PageObjects.Store.tableStore(Store.java:81)
at com.POS.PageObjects.Store.tableStore(Store.java:81)
at com.POS.PageObjects.Store.tableStore(Store.java:81)
at com.POS.PageObjects.Store.tableStore(Store.java:81)
at com.POS.PageObjects.Store.tableStore(Store.java:81)
at com.POS.PageObjects.Store.tableStore(Store.java:81)
at com.POS.PageObjects.Store.tableStore(Store.java:81)
at com.POS.PageObjects.Store.tableStore(Store.java:81)
at com.POS.PageObjects.Store.tableStore(Store.java:81)
at com.POS.PageObjects.Store.tableStore(Store.java:81)
at com.POS.PageObjects.Store.tableStore(Store.java:81)
at com.POS.PageObjects.Store.tableStore(Store.java:81)
at com.POS.PageObjects.Store.tableStore(Store.java:81)
at com.POS.PageObjects.Store.tableStore(Store.java:81)
at com.POS.PageObjects.Store.tableStore(Store.java:81)
at com.POS.PageObjects.Store.tableStore(Store.java:81)
at com.POS.PageObjects.Store.tableStore(Store.java:81)
at com.POS.PageObjects.Store.tableStore(Store.java:81)
at com.POS.PageObjects.Store.tableStore(Store.java:81)
at com.POS.PageObjects.Store.tableStore(Store.java:81)
at com.POS.PageObjects.Store.tableStore(Store.java:81)
at com.POS.PageObjects.Store.tableStore(Store.java:81)
at com.POS.PageObjects.Store.tableStore(Store.java:81)
at com.POS.PageObjects.Store.tableStore(Store.java:81)
at com.POS.PageObjects.Store.tableStore(Store.java:81)
at com.POS.PageObjects.Store.tableStore(Store.java:81)
at com.POS.PageObjects.Store.tableStore(Store.java:81)
at com.POS.PageObjects.Store.tableStore(Store.java:81)
at com.POS.PageObjects.Store.tableStore(Store.java:81)
at com.POS.PageObjects.Store.tableStore(Store.java:81)
at com.POS.PageObjects.Store.tableStore(Store.java:81)
at com.POS.PageObjects.Store.tableStore(Store.java:81)
at com.POS.PageObjects.Store.tableStore(Store.java:81)
at com.POS.PageObjects.Store.tableStore(Store.java:81)
at com.POS.PageObjects.Store.tableStore(Store.java:81)
at com.POS.PageObjects.Store.tableStore(Store.java:81)
at com.POS.PageObjects.Store.tableStore(Store.java:81)
at com.POS.PageObjects.Store.tableStore(Store.java:81)
at com.POS.PageObjects.Store.tableStore(Store.java:81)
at com.POS.PageObjects.Store.tableStore(Store.java:81)
at com.POS.PageObjects.Store.tableStore(Store.java:81)
at com.POS.PageObjects.Store.tableStore(Store.java:81)
at com.POS.PageObjects.Store.tableStore(Store.java:81)
at com.POS.PageObjects.Store.tableStore(Store.java:81)
at com.POS.PageObjects.Store.tableStore(Store.java:81)
at com.POS.PageObjects.Store.tableStore(Store.java:81)
at com.POS.PageObjects.Store.tableStore(Store.java:81)
at com.POS.PageObjects.Store.tableStore(Store.java:81)
at com.POS.PageObjects.Store.tableStore(Store.java:81)
at com.POS.PageObjects.Store.tableStore(Store.java:81)
at com.POS.PageObjects.Store.tableStore(Store.java:81)
at com.POS.PageObjects.Store.tableStore(Store.java:81)
at com.POS.PageObjects.Store.tableStore(Store.java:81)
at com.POS.PageObjects.Store.tableStore(Store.java:81)
at com.POS.PageObjects.Store.tableStore(Store.java:81)
at com.POS.PageObjects.Store.tableStore(Store.java:81)
at com.POS.PageObjects.Store.tableStore(Store.java:81)
at com.POS.PageObjects.Store.tableStore(Store.java:81)
at com.POS.PageObjects.Store.tableStore(Store.java:81)
at com.POS.PageObjects.Store.tableStore(Store.java:81)
at com.POS.PageObjects.Store.tableStore(Store.java:81)
at com.POS.PageObjects.Store.tableStore(Store.java:81)
at com.POS.PageObjects.Store.tableStore(Store.java:81)
at com.POS.PageObjects.Store.tableStore(Store.java:81)
at com.POS.PageObjects.Store.tableStore(Store.java:81)
at com.POS.PageObjects.Store.tableStore(Store.java:81)
at com.POS.PageObjects.Store.tableStore(Store.java:81)
at com.POS.PageObjects.Store.tableStore(Store.java:81)
at com.POS.PageObjects.Store.tableStore(Store.java:81)
at com.POS.PageObjects.Store.tableStore(Store.java:81)
at com.POS.PageObjects.Store.tableStore(Store.java:81)
at com.POS.PageObjects.Store.tableStore(Store.java:81)
at com.POS.PageObjects.Store.tableStore(Store.java:81)
at com.POS.PageObjects.Store.tableStore(Store.java:81)
at com.POS.PageObjects.Store.tableStore(Store.java:81)
at com.POS.PageObjects.Store.tableStore(Store.java:81)
at com.POS.PageObjects.Store.tableStore(Store.java:81)
at com.POS.PageObjects.Store.tableStore(Store.java:81)
at com.POS.PageObjects.Store.tableStore(Store.java:81)
at com.POS.PageObjects.Store.tableStore(Store.java:81)
at com.POS.PageObjects.Store.tableStore(Store.java:81)
at com.POS.PageObjects.Store.tableStore(Store.java:81)
at com.POS.PageObjects.Store.tableStore(Store.java:81)
at com.POS.PageObjects.Store.tableStore(Store.java:81)
at com.POS.PageObjects.Store.tableStore(Store.java:81)
at com.POS.PageObjects.Store.tableStore(Store.java:81)
at com.POS.PageObjects.Store.tableStore(Store.java:81)
at com.POS.PageObjects.Store.tableStore(Store.java:81)
at com.POS.PageObjects.Store.tableStore(Store.java:81)
at com.POS.PageObjects.Store.tableStore(Store.java:81)
at com.POS.PageObjects.Store.tableStore(Store.java:81)
at com.POS.PageObjects.Store.tableStore(Store.java:81)
at com.POS.PageObjects.Store.tableStore(Store.java:81)
at com.POS.PageObjects.Store.tableStore(Store.java:81)
at com.POS.PageObjects.Store.tableStore(Store.java:81)
at com.POS.PageObjects.Store.tableStore(Store.java:81)
at com.POS.PageObjects.Store.tableStore(Store.java:81)
at com.POS.PageObjects.Store.tableStore(Store.java:81)
at com.POS.PageObjects.Store.tableStore(Store.java:81)
at com.POS.PageObjects.Store.tableStore(Store.java:81)
at com.POS.PageObjects.Store.tableStore(Store.java:81)
at com.POS.PageObjects.Store.tableStore(Store.java:81)
at com.POS.PageObjects.Store.tableStore(Store.java:81)
at com.POS.PageObjects.Store.tableStore(Store.java:81)
at com.POS.PageObjects.Store.tableStore(Store.java:81)
at com.POS.PageObjects.Store.tableStore(Store.java:81)
at com.POS.PageObjects.Store.tableStore(Store.java:81)
at com.POS.PageObjects.Store.tableStore(Store.java:81)
at com.POS.PageObjects.Store.tableStore(Store.java:81)
at com.POS.PageObjects.Store.tableStore(Store.java:81)
at com.POS.PageObjects.Store.tableStore(Store.java:81)
at com.POS.PageObjects.Store.tableStore(Store.java:81)
at com.POS.PageObjects.Store.tableStore(Store.java:81)
at com.POS.PageObjects.Store.tableStore(Store.java:81)
at com.POS.PageObjects.Store.tableStore(Store.java:81)
at com.POS.PageObjects.Store.tableStore(Store.java:81)
at com.POS.PageObjects.Store.tableStore(Store.java:81)
at com.POS.PageObjects.Store.tableStore(Store.java:81)
at com.POS.PageObjects.Store.tableStore(Store.java:81)
at com.POS.PageObjects.Store.tableStore(Store.java:81)
at com.POS.PageObjects.Store.tableStore(Store.java:81)
at com.POS.PageObjects.Store.tableStore(Store.java:81)
at com.POS.PageObjects.Store.tableStore(Store.java:81)
at com.POS.PageObjects.Store.tableStore(Store.java:81)
at com.POS.PageObjects.Store.tableStore(Store.java:81)
at com.POS.PageObjects.Store.tableStore(Store.java:81)
at com.POS.PageObjects.Store.tableStore(Store.java:81)
at com.POS.PageObjects.Store.tableStore(Store.java:81)
at com.POS.PageObjects.Store.tableStore(Store.java:81)
at com.POS.PageObjects.Store.tableStore(Store.java:81)
at com.POS.PageObjects.Store.tableStore(Store.java:81)
at com.POS.PageObjects.Store.tableStore(Store.java:81)
at com.POS.PageObjects.Store.tableStore(Store.java:81)
at com.POS.PageObjects.Store.tableStore(Store.java:81)
at com.POS.PageObjects.Store.tableStore(Store.java:81)
at com.POS.PageObjects.Store.tableStore(Store.java:81)
at com.POS.PageObjects.Store.tableStore(Store.java:81)
at com.POS.PageObjects.Store.tableStore(Store.java:81)
at com.POS.PageObjects.Store.tableStore(Store.java:81)
at com.POS.PageObjects.Store.tableStore(Store.java:81)
at com.POS.PageObjects.Store.tableStore(Store.java:81)
at com.POS.PageObjects.Store.tableStore(Store.java:81)
at com.POS.PageObjects.Store.tableStore(Store.java:81)
at com.POS.PageObjects.Store.tableStore(Store.java:81)
at com.POS.PageObjects.Store.tableStore(Store.java:81)
at com.POS.PageObjects.Store.tableStore(Store.java:81)
at com.POS.PageObjects.Store.tableStore(Store.java:81)
at com.POS.PageObjects.Store.tableStore(Store.java:81)
at com.POS.PageObjects.Store.tableStore(Store.java:81)
at com.POS.PageObjects.Store.tableStore(Store.java:81)
at com.POS.PageObjects.Store.tableStore(Store.java:81)
at com.POS.PageObjects.Store.tableStore(Store.java:81)
at com.POS.PageObjects.Store.tableStore(Store.java:81)
at com.POS.PageObjects.Store.tableStore(Store.java:81)
at com.POS.PageObjects.Store.tableStore(Store.java:81)
at com.POS.PageObjects.Store.tableStore(Store.java:81)
at com.POS.PageObjects.Store.tableStore(Store.java:81)
at com.POS.PageObjects.Store.tableStore(Store.java:81)
at com.POS.PageObjects.Store.tableStore(Store.java:81)
at com.POS.PageObjects.Store.tableStore(Store.java:81)
at com.POS.PageObjects.Store.tableStore(Store.java:81)
at com.POS.PageObjects.Store.tableStore(Store.java:81)
at com.POS.PageObjects.Store.tableStore(Store.java:81)
at com.POS.PageObjects.Store.tableStore(Store.java:81)
at com.POS.PageObjects.Store.tableStore(Store.java:81)
at com.POS.PageObjects.Store.tableStore(Store.java:81)
at com.POS.PageObjects.Store.tableStore(Store.java:81)
at com.POS.PageObjects.Store.tableStore(Store.java:81)
at com.POS.PageObjects.Store.tableStore(Store.java:81)
at com.POS.PageObjects.Store.tableStore(Store.java:81)
at com.POS.PageObjects.Store.tableStore(Store.java:81)
at com.POS.PageObjects.Store.tableStore(Store.java:81)
at com.POS.PageObjects.Store.tableStore(Store.java:81)
at com.POS.PageObjects.Store.tableStore(Store.java:81)
at com.POS.PageObjects.Store.tableStore(Store.java:81)
at com.POS.PageObjects.Store.tableStore(Store.java:81)
at com.POS.PageObjects.Store.tableStore(Store.java:81)
at com.POS.PageObjects.Store.tableStore(Store.java:81)
at com.POS.PageObjects.Store.tableStore(Store.java:81)
at com.POS.PageObjects.Store.tableStore(Store.java:81)
at com.POS.PageObjects.Store.tableStore(Store.java:81)
at com.POS.PageObjects.Store.tableStore(Store.java:81)
at com.POS.PageObjects.Store.tableStore(Store.java:81)
at com.POS.PageObjects.Store.tableStore(Store.java:81)
at com.POS.PageObjects.Store.tableStore(Store.java:81)
at com.POS.PageObjects.Store.tableStore(Store.java:81)
at com.POS.PageObjects.Store.tableStore(Store.java:81)
at com.POS.PageObjects.Store.tableStore(Store.java:81)
at com.POS.PageObjects.Store.tableStore(Store.java:81)
at com.POS.PageObjects.Store.tableStore(Store.java:81)
at com.POS.PageObjects.Store.tableStore(Store.java:81)
at com.POS.PageObjects.Store.tableStore(Store.java:81)
at com.POS.PageObjects.Store.tableStore(Store.java:81)
at com.POS.PageObjects.Store.tableStore(Store.java:81)
at com.POS.PageObjects.Store.tableStore(Store.java:81)
at com.POS.PageObjects.Store.tableStore(Store.java:81)
at com.POS.PageObjects.Store.tableStore(Store.java:81)
at com.POS.PageObjects.Store.tableStore(Store.java:81)
at com.POS.PageObjects.Store.tableStore(Store.java:81)
at com.POS.PageObjects.Store.tableStore(Store.java:81)
at com.POS.PageObjects.Store.tableStore(Store.java:81)
at com.POS.PageObjects.Store.tableStore(Store.java:81)
at com.POS.PageObjects.Store.tableStore(Store.java:81)
at com.POS.PageObjects.Store.tableStore(Store.java:81)
at com.POS.PageObjects.Store.tableStore(Store.java:81)
at com.POS.PageObjects.Store.tableStore(Store.java:81)
at com.POS.PageObjects.Store.tableStore(Store.java:81)
at com.POS.PageObjects.Store.tableStore(Store.java:81)
at com.POS.PageObjects.Store.tableStore(Store.java:81)
at com.POS.PageObjects.Store.tableStore(Store.java:81)
at com.POS.PageObjects.Store.tableStore(Store.java:81)
at com.POS.PageObjects.Store.tableStore(Store.java:81)
at com.POS.PageObjects.Store.tableStore(Store.java:81)
at com.POS.PageObjects.Store.tableStore(Store.java:81)
at com.POS.PageObjects.Store.tableStore(Store.java:81)
at com.POS.PageObjects.Store.tableStore(Store.java:81)
at com.POS.PageObjects.Store.tableStore(Store.java:81)
at com.POS.PageObjects.Store.tableStore(Store.java:81)
at com.POS.PageObjects.Store.tableStore(Store.java:81)
at com.POS.PageObjects.Store.tableStore(Store.java:81)
at com.POS.PageObjects.Store.tableStore(Store.java:81)
at com.POS.PageObjects.Store.tableStore(Store.java:81)
at com.POS.PageObjects.Store.tableStore(Store.java:81)
at com.POS.PageObjects.Store.tableStore(Store.java:81)
at com.POS.PageObjects.Store.tableStore(Store.java:81)
at com.POS.PageObjects.Store.tableStore(Store.java:81)
at com.POS.PageObjects.Store.tableStore(Store.java:81)
at com.POS.PageObjects.Store.tableStore(Store.java:81)
at com.POS.PageObjects.Store.tableStore(Store.java:81)
at com.POS.PageObjects.Store.tableStore(Store.java:81)
at com.POS.PageObjects.Store.tableStore(Store.java:81)
at com.POS.PageObjects.Store.tableStore(Store.java:81)
at com.POS.PageObjects.Store.tableStore(Store.java:81)
at com.POS.PageObjects.Store.tableStore(Store.java:81)
at com.POS.PageObjects.Store.tableStore(Store.java:81)
at com.POS.PageObjects.Store.tableStore(Store.java:81)
at com.POS.PageObjects.Store.tableStore(Store.java:81)
at com.POS.PageObjects.Store.tableStore(Store.java:81)
at com.POS.PageObjects.Store.tableStore(Store.java:81)
at com.POS.PageObjects.Store.tableStore(Store.java:81)
at com.POS.PageObjects.Store.tableStore(Store.java:81)
at com.POS.PageObjects.Store.tableStore(Store.java:81)
at com.POS.PageObjects.Store.tableStore(Store.java:81)
at com.POS.PageObjects.Store.tableStore(Store.java:81)
at com.POS.PageObjects.Store.tableStore(Store.java:81)
at com.POS.PageObjects.Store.tableStore(Store.java:81)
at com.POS.PageObjects.Store.tableStore(Store.java:81)
at com.POS.PageObjects.Store.tableStore(Store.java:81)
at com.POS.PageObjects.Store.tableStore(Store.java:81)
at com.POS.PageObjects.Store.tableStore(Store.java:81)
at com.POS.PageObjects.Store.tableStore(Store.java:81)
at com.POS.PageObjects.Store.tableStore(Store.java:81)
at com.POS.PageObjects.Store.tableStore(Store.java:81)
at com.POS.PageObjects.Store.tableStore(Store.java:81)
at com.POS.PageObjects.Store.tableStore(Store.java:81)
at com.POS.PageObjects.Store.tableStore(Store.java:81)
at com.POS.PageObjects.Store.tableStore(Store.java:81)
at com.POS.PageObjects.Store.tableStore(Store.java:81)
at com.POS.PageObjects.Store.tableStore(Store.java:81)
at com.POS.PageObjects.Store.tableStore(Store.java:81)
at com.POS.PageObjects.Store.tableStore(Store.java:81)
at com.POS.PageObjects.Store.tableStore(Store.java:81)
at com.POS.PageObjects.Store.tableStore(Store.java:81)
at com.POS.PageObjects.Store.tableStore(Store.java:81)
at com.POS.PageObjects.Store.tableStore(Store.java:81)
at com.POS.PageObjects.Store.tableStore(Store.java:81)
at com.POS.PageObjects.Store.tableStore(Store.java:81)
at com.POS.PageObjects.Store.tableStore(Store.java:81)
at com.POS.PageObjects.Store.tableStore(Store.java:81)
at com.POS.PageObjects.Store.tableStore(Store.java:81)
at com.POS.PageObjects.Store.tableStore(Store.java:81)
at com.POS.PageObjects.Store.tableStore(Store.java:81)
at com.POS.PageObjects.Store.tableStore(Store.java:81)
at com.POS.PageObjects.Store.tableStore(Store.java:81)
at com.POS.PageObjects.Store.tableStore(Store.java:81)
at com.POS.PageObjects.Store.tableStore(Store.java:81)
at com.POS.PageObjects.Store.tableStore(Store.java:81)
at com.POS.PageObjects.Store.tableStore(Store.java:81)
at com.POS.PageObjects.Store.tableStore(Store.java:81)
at com.POS.PageObjects.Store.tableStore(Store.java:81)
at com.POS.PageObjects.Store.tableStore(Store.java:81)
at com.POS.PageObjects.Store.tableStore(Store.java:81)
at com.POS.PageObjects.Store.tableStore(Store.java:81)
at com.POS.PageObjects.Store.tableStore(Store.java:81)
at com.POS.PageObjects.Store.tableStore(Store.java:81)
at com.POS.PageObjects.Store.tableStore(Store.java:81)
at com.POS.PageObjects.Store.tableStore(Store.java:81)
at com.POS.PageObjects.Store.tableStore(Store.java:81)
at com.POS.PageObjects.Store.tableStore(Store.java:81)
at com.POS.PageObjects.Store.tableStore(Store.java:81)
at com.POS.PageObjects.Store.tableStore(Store.java:81)
at com.POS.PageObjects.Store.tableStore(Store.java:81)
at com.POS.PageObjects.Store.tableStore(Store.java:81)
at com.POS.PageObjects.Store.tableStore(Store.java:81)
at com.POS.PageObjects.Store.tableStore(Store.java:81)
at com.POS.PageObjects.Store.tableStore(Store.java:81)
at com.POS.PageObjects.Store.tableStore(Store.java:81)
at com.POS.PageObjects.Store.tableStore(Store.java:81)
at com.POS.PageObjects.Store.tableStore(Store.java:81)
at com.POS.PageObjects.Store.tableStore(Store.java:81)
at com.POS.PageObjects.Store.tableStore(Store.java:81)
at com.POS.PageObjects.Store.tableStore(Store.java:81)
at com.POS.PageObjects.Store.tableStore(Store.java:81)
at com.POS.PageObjects.Store.tableStore(Store.java:81)
at com.POS.PageObjects.Store.tableStore(Store.java:81)
at com.POS.PageObjects.Store.tableStore(Store.java:81)
at com.POS.PageObjects.Store.tableStore(Store.java:81)
at com.POS.PageObjects.Store.tableStore(Store.java:81)
at com.POS.PageObjects.Store.tableStore(Store.java:81)
at com.POS.PageObjects.Store.tableStore(Store.java:81)
at com.POS.PageObjects.Store.tableStore(Store.java:81)
at com.POS.PageObjects.Store.tableStore(Store.java:81)
at com.POS.PageObjects.Store.tableStore(Store.java:81)
at com.POS.PageObjects.Store.tableStore(Store.java:81)
at com.POS.PageObjects.Store.tableStore(Store.java:81)
at com.POS.PageObjects.Store.tableStore(Store.java:81)
at com.POS.PageObjects.Store.tableStore(Store.java:81)
at com.POS.PageObjects.Store.tableStore(Store.java:81)
at com.POS.PageObjects.Store.tableStore(Store.java:81)
at com.POS.PageObjects.Store.tableStore(Store.java:81)
at com.POS.PageObjects.Store.tableStore(Store.java:81)
at com.POS.PageObjects.Store.tableStore(Store.java:81)
at com.POS.PageObjects.Store.tableStore(Store.java:81)
at com.POS.PageObjects.Store.tableStore(Store.java:81)
at com.POS.PageObjects.Store.tableStore(Store.java:81)
at com.POS.PageObjects.Store.tableStore(Store.java:81)
at com.POS.PageObjects.Store.tableStore(Store.java:81)
at com.POS.PageObjects.Store.tableStore(Store.java:81)
at com.POS.PageObjects.Store.tableStore(Store.java:81)
at com.POS.PageObjects.Store.tableStore(Store.java:81)
at com.POS.PageObjects.Store.tableStore(Store.java:81)
at com.POS.PageObjects.Store.tableStore(Store.java:81)
at com.POS.PageObjects.Store.tableStore(Store.java:81)
at com.POS.PageObjects.Store.tableStore(Store.java:81)
at com.POS.PageObjects.Store.tableStore(Store.java:81)
at com.POS.PageObjects.Store.tableStore(Store.java:81)
at com.POS.PageObjects.Store.tableStore(Store.java:81)
at com.POS.PageObjects.Store.tableStore(Store.java:81)
at com.POS.PageObjects.Store.tableStore(Store.java:81)
at com.POS.PageObjects.Store.tableStore(Store.java:81)
at com.POS.PageObjects.Store.tableStore(Store.java:81)
at com.POS.PageObjects.Store.tableStore(Store.java:81)
at com.POS.PageObjects.Store.tableStore(Store.java:81)
at com.POS.PageObjects.Store.tableStore(Store.java:81)
at com.POS.PageObjects.Store.tableStore(Store.java:81)
at com.POS.PageObjects.Store.tableStore(Store.java:81)
at com.POS.PageObjects.Store.tableStore(Store.java:81)
at com.POS.PageObjects.Store.tableStore(Store.java:81)
at com.POS.PageObjects.Store.tableStore(Store.java:81)
at com.POS.PageObjects.Store.tableStore(Store.java:81)
at com.POS.PageObjects.Store.tableStore(Store.java:81)
at com.POS.PageObjects.Store.tableStore(Store.java:81)
at com.POS.PageObjects.Store.tableStore(Store.java:81)
at com.POS.PageObjects.Store.tableStore(Store.java:81)
at com.POS.PageObjects.Store.tableStore(Store.java:81)
at com.POS.PageObjects.Store.tableStore(Store.java:81)
at com.POS.PageObjects.Store.tableStore(Store.java:81)
at com.POS.PageObjects.Store.tableStore(Store.java:81)
at com.POS.PageObjects.Store.tableStore(Store.java:81)
at com.POS.PageObjects.Store.tableStore(Store.java:81)
at com.POS.PageObjects.Store.tableStore(Store.java:81)
at com.POS.PageObjects.Store.tableStore(Store.java:81)
at com.POS.PageObjects.Store.tableStore(Store.java:81)
at com.POS.PageObjects.Store.tableStore(Store.java:81)
at com.POS.PageObjects.Store.tableStore(Store.java:81)
at com.POS.PageObjects.Store.tableStore(Store.java:81)
at com.POS.PageObjects.Store.tableStore(Store.java:81)
at com.POS.PageObjects.Store.tableStore(Store.java:81)
at com.POS.PageObjects.Store.tableStore(Store.java:81)
at com.POS.PageObjects.Store.tableStore(Store.java:81)
at com.POS.PageObjects.Store.tableStore(Store.java:81)
at com.POS.PageObjects.Store.tableStore(Store.java:81)
at com.POS.PageObjects.Store.tableStore(Store.java:81)
at com.POS.PageObjects.Store.tableStore(Store.java:81)
at com.POS.PageObjects.Store.tableStore(Store.java:81)
at com.POS.PageObjects.Store.tableStore(Store.java:81)
at com.POS.PageObjects.Store.tableStore(Store.java:81)
at com.POS.PageObjects.Store.tableStore(Store.java:81)
at com.POS.PageObjects.Store.tableStore(Store.java:81)
at com.POS.PageObjects.Store.tableStore(Store.java:81)
at com.POS.PageObjects.Store.tableStore(Store.java:81)
at com.POS.PageObjects.Store.tableStore(Store.java:81)
at com.POS.PageObjects.Store.tableStore(Store.java:81)
at com.POS.PageObjects.Store.tableStore(Store.java:81)
at com.POS.PageObjects.Store.tableStore(Store.java:81)
at com.POS.PageObjects.Store.tableStore(Store.java:81)
at com.POS.PageObjects.Store.tableStore(Store.java:81)
at com.POS.PageObjects.Store.tableStore(Store.java:81)
at com.POS.PageObjects.Store.tableStore(Store.java:81)
at com.POS.PageObjects.Store.tableStore(Store.java:81)
at com.POS.PageObjects.Store.tableStore(Store.java:81)
at com.POS.PageObjects.Store.tableStore(Store.java:81)
at com.POS.PageObjects.Store.tableStore(Store.java:81)
at com.POS.PageObjects.Store.tableStore(Store.java:81)
at com.POS.PageObjects.Store.tableStore(Store.java:81)
at com.POS.PageObjects.Store.tableStore(Store.java:81)
at com.POS.PageObjects.Store.tableStore(Store.java:81)
at com.POS.PageObjects.Store.tableStore(Store.java:81)
at com.POS.PageObjects.Store.tableStore(Store.java:81)
at com.POS.PageObjects.Store.tableStore(Store.java:81)
at com.POS.PageObjects.Store.tableStore(Store.java:81)
at com.POS.PageObjects.Store.tableStore(Store.java:81)
at com.POS.PageObjects.Store.tableStore(Store.java:81)
at com.POS.PageObjects.Store.tableStore(Store.java:81)
at com.POS.PageObjects.Store.tableStore(Store.java:81)
at com.POS.PageObjects.Store.tableStore(Store.java:81)
at com.POS.PageObjects.Store.tableStore(Store.java:81)
at com.POS.PageObjects.Store.tableStore(Store.java:81)
at com.POS.PageObjects.Store.tableStore(Store.java:81)
at com.POS.PageObjects.Store.tableStore(Store.java:81)
at com.POS.PageObjects.Store.tableStore(Store.java:81)
at com.POS.PageObjects.Store.tableStore(Store.java:81)
at com.POS.PageObjects.Store.tableStore(Store.java:81)
at com.POS.PageObjects.Store.tableStore(Store.java:81)
at com.POS.PageObjects.Store.tableStore(Store.java:81)
at com.POS.PageObjects.Store.tableStore(Store.java:81)
at com.POS.PageObjects.Store.tableStore(Store.java:81)
at com.POS.PageObjects.Store.tableStore(Store.java:81)
at com.POS.PageObjects.Store.tableStore(Store.java:81)
at com.POS.PageObjects.Store.tableStore(Store.java:81)
at com.POS.PageObjects.Store.tableStore(Store.java:81)
at com.POS.PageObjects.Store.tableStore(Store.java:81)
at com.POS.PageObjects.Store.tableStore(Store.java:81)
at com.POS.PageObjects.Store.tableStore(Store.java:81)
at com.POS.PageObjects.Store.tableStore(Store.java:81)
at com.POS.PageObjects.Store.tableStore(Store.java:81)
at com.POS.PageObjects.Store.tableStore(Store.java:81)
at com.POS.PageObjects.Store.tableStore(Store.java:81)
at com.POS.PageObjects.Store.tableStore(Store.java:81)
at com.POS.PageObjects.Store.tableStore(Store.java:81)
at com.POS.PageObjects.Store.tableStore(Store.java:81)
at com.POS.PageObjects.Store.tableStore(Store.java:81)
at com.POS.PageObjects.Store.tableStore(Store.java:81)
at com.POS.PageObjects.Store.tableStore(Store.java:81)
at com.POS.PageObjects.Store.tableStore(Store.java:81)
at com.POS.PageObjects.Store.tableStore(Store.java:81)
at com.POS.PageObjects.Store.tableStore(Store.java:81)
at com.POS.PageObjects.Store.tableStore(Store.java:81)
at com.POS.PageObjects.Store.tableStore(Store.java:81)
at com.POS.PageObjects.Store.tableStore(Store.java:81)
at com.POS.PageObjects.Store.tableStore(Store.java:81)
at com.POS.PageObjects.Store.tableStore(Store.java:81)
at com.POS.PageObjects.Store.tableStore(Store.java:81)
at com.POS.PageObjects.Store.tableStore(Store.java:81)
at com.POS.PageObjects.Store.tableStore(Store.java:81)
at com.POS.PageObjects.Store.tableStore(Store.java:81)
at com.POS.PageObjects.Store.tableStore(Store.java:81)
at com.POS.PageObjects.Store.tableStore(Store.java:81)
at com.POS.PageObjects.Store.tableStore(Store.java:81)
at com.POS.PageObjects.Store.tableStore(Store.java:81)
at com.POS.PageObjects.Store.tableStore(Store.java:81)
at com.POS.PageObjects.Store.tableStore(Store.java:81)
at com.POS.PageObjects.Store.tableStore(Store.java:81)
at com.POS.PageObjects.Store.tableStore(Store.java:81)
at com.POS.PageObjects.Store.tableStore(Store.java:81)
at com.POS.PageObjects.Store.tableStore(Store.java:81)
at com.POS.PageObjects.Store.tableStore(Store.java:81)
at com.POS.PageObjects.Store.tableStore(Store.java:81)
at com.POS.PageObjects.Store.tableStore(Store.java:81)
at com.POS.PageObjects.Store.tableStore(Store.java:81)
at com.POS.PageObjects.Store.tableStore(Store.java:81)
at com.POS.PageObjects.Store.tableStore(Store.java:81)
at com.POS.PageObjects.Store.tableStore(Store.java:81)
at com.POS.PageObjects.Store.tableStore(Store.java:81)
at com.POS.PageObjects.Store.tableStore(Store.java:81)
at com.POS.PageObjects.Store.tableStore(Store.java:81)
at com.POS.PageObjects.Store.tableStore(Store.java:81)
at com.POS.PageObjects.Store.tableStore(Store.java:81)
at com.POS.PageObjects.Store.tableStore(Store.java:81)
at com.POS.PageObjects.Store.tableStore(Store.java:81)
at com.POS.PageObjects.Store.tableStore(Store.java:81)
at com.POS.PageObjects.Store.tableStore(Store.java:81)
at com.POS.PageObjects.Store.tableStore(Store.java:81)
at com.POS.PageObjects.Store.tableStore(Store.java:81)
at com.POS.PageObjects.Store.tableStore(Store.java:81)
at com.POS.PageObjects.Store.tableStore(Store.java:81)
at com.POS.PageObjects.Store.tableStore(Store.java:81)
at com.POS.PageObjects.Store.tableStore(Store.java:81)
at com.POS.PageObjects.Store.tableStore(Store.java:81)
at com.POS.PageObjects.Store.tableStore(Store.java:81)
at com.POS.PageObjects.Store.tableStore(Store.java:81)
at com.POS.PageObjects.Store.tableStore(Store.java:81)
at com.POS.PageObjects.Store.tableStore(Store.java:81)
at com.POS.PageObjects.Store.tableStore(Store.java:81)
at com.POS.PageObjects.Store.tableStore(Store.java:81)
at com.POS.PageObjects.Store.tableStore(Store.java:81)
at com.POS.PageObjects.Store.tableStore(Store.java:81)
at com.POS.PageObjects.Store.tableStore(Store.java:81)
at com.POS.PageObjects.Store.tableStore(Store.java:81)
at com.POS.PageObjects.Store.tableStore(Store.java:81)
at com.POS.PageObjects.Store.tableStore(Store.java:81)
at com.POS.PageObjects.Store.tableStore(Store.java:81)
at com.POS.PageObjects.Store.tableStore(Store.java:81)
at com.POS.PageObjects.Store.tableStore(Store.java:81)
at com.POS.PageObjects.Store.tableStore(Store.java:81)
at com.POS.PageObjects.Store.tableStore(Store.java:81)
at com.POS.PageObjects.Store.tableStore(Store.java:81)
at com.POS.PageObjects.Store.tableStore(Store.java:81)
at com.POS.PageObjects.Store.tableStore(Store.java:81)
at com.POS.PageObjects.Store.tableStore(Store.java:81)
at com.POS.PageObjects.Store.tableStore(Store.java:81)
at com.POS.PageObjects.Store.tableStore(Store.java:81)
at com.POS.PageObjects.Store.tableStore(Store.java:81)
at com.POS.PageObjects.Store.tableStore(Store.java:81)
at com.POS.PageObjects.Store.tableStore(Store.java:81)
at com.POS.PageObjects.Store.tableStore(Store.java:81)
at com.POS.PageObjects.Store.tableStore(Store.java:81)
at com.POS.PageObjects.Store.tableStore(Store.java:81)
at com.POS.PageObjects.Store.tableStore(Store.java:81)
at com.POS.PageObjects.Store.tableStore(Store.java:81)
at com.POS.PageObjects.Store.tableStore(Store.java:81)
at com.POS.PageObjects.Store.tableStore(Store.java:81)
at com.POS.PageObjects.Store.tableStore(Store.java:81)
at com.POS.PageObjects.Store.tableStore(Store.java:81)
at com.POS.PageObjects.Store.tableStore(Store.java:81)
at com.POS.PageObjects.Store.tableStore(Store.java:81)
at com.POS.PageObjects.Store.tableStore(Store.java:81)
at com.POS.PageObjects.Store.tableStore(Store.java:81)
at com.POS.PageObjects.Store.tableStore(Store.java:81)
at com.POS.PageObjects.Store.tableStore(Store.java:81)
at com.POS.PageObjects.Store.tableStore(Store.java:81)
at com.POS.PageObjects.Store.tableStore(Store.java:81)
at com.POS.PageObjects.Store.tableStore(Store.java:81)
at com.POS.PageObjects.Store.tableStore(Store.java:81)
at com.POS.PageObjects.Store.tableStore(Store.java:81)
at com.POS.PageObjects.Store.tableStore(Store.java:81)
at com.POS.PageObjects.Store.tableStore(Store.java:81)
at com.POS.PageObjects.Store.tableStore(Store.java:81)
at com.POS.PageObjects.Store.tableStore(Store.java:81)
at com.POS.PageObjects.Store.tableStore(Store.java:81)
at com.POS.PageObjects.Store.tableStore(Store.java:81)
at com.POS.PageObjects.Store.tableStore(Store.java:81)
at com.POS.PageObjects.Store.tableStore(Store.java:81)
at com.POS.PageObjects.Store.tableStore(Store.java:81)
at com.POS.PageObjects.Store.tableStore(Store.java:81)
at com.POS.PageObjects.Store.tableStore(Store.java:81)
at com.POS.PageObjects.Store.tableStore(Store.java:81)
at com.POS.PageObjects.Store.tableStore(Store.java:81)
at com.POS.PageObjects.Store.tableStore(Store.java:81)
at com.POS.PageObjects.Store.tableStore(Store.java:81)
at com.POS.PageObjects.Store.tableStore(Store.java:81)
at com.POS.PageObjects.Store.tableStore(Store.java:81)
at com.POS.PageObjects.Store.tableStore(Store.java:81)
at com.POS.PageObjects.Store.tableStore(Store.java:81)
at com.POS.PageObjects.Store.tableStore(Store.java:81)
at com.POS.PageObjects.Store.tableStore(Store.java:81)
at com.POS.PageObjects.Store.tableStore(Store.java:81)
at com.POS.PageObjects.Store.tableStore(Store.java:81)
at com.POS.PageObjects.Store.tableStore(Store.java:81)
at com.POS.PageObjects.Store.tableStore(Store.java:81)
at com.POS.PageObjects.Store.tableStore(Store.java:81)
at com.POS.PageObjects.Store.tableStore(Store.java:81)
at com.POS.PageObjects.Store.tableStore(Store.java:81)
at com.POS.PageObjects.Store.tableStore(Store.java:81)
at com.POS.PageObjects.Store.tableStore(Store.java:81)
at com.POS.PageObjects.Store.tableStore(Store.java:81)
at com.POS.PageObjects.Store.tableStore(Store.java:81)
at com.POS.PageObjects.Store.tableStore(Store.java:81)
at com.POS.PageObjects.Store.tableStore(Store.java:81)
at com.POS.PageObjects.Store.tableStore(Store.java:81)
at com.POS.PageObjects.Store.tableStore(Store.java:81)
at com.POS.PageObjects.Store.tableStore(Store.java:81)
at com.POS.PageObjects.Store.tableStore(Store.java:81)
at com.POS.PageObjects.Store.tableStore(Store.java:81)
at com.POS.PageObjects.Store.tableStore(Store.java:81)
at com.POS.PageObjects.Store.tableStore(Store.java:81)
at com.POS.PageObjects.Store.tableStore(Store.java:81)
at com.POS.PageObjects.Store.tableStore(Store.java:81)
at com.POS.PageObjects.Store.tableStore(Store.java:81)
at com.POS.PageObjects.Store.tableStore(Store.java:81)
at com.POS.PageObjects.Store.tableStore(Store.java:81)
at com.POS.PageObjects.Store.tableStore(Store.java:81)
at com.POS.PageObjects.Store.tableStore(Store.java:81)
at com.POS.PageObjects.Store.tableStore(Store.java:81)
at com.POS.PageObjects.Store.tableStore(Store.java:81)
at com.POS.PageObjects.Store.tableStore(Store.java:81)
at com.POS.PageObjects.Store.tableStore(Store.java:81)
at com.POS.PageObjects.Store.tableStore(Store.java:81)
at com.POS.PageObjects.Store.tableStore(Store.java:81)
at com.POS.PageObjects.Store.tableStore(Store.java:81)
at com.POS.PageObjects.Store.tableStore(Store.java:81)
at com.POS.PageObjects.Store.tableStore(Store.java:81)
at com.POS.PageObjects.Store.tableStore(Store.java:81)
at com.POS.PageObjects.Store.tableStore(Store.java:81)
at com.POS.PageObjects.Store.tableStore(Store.java:81)
at com.POS.PageObjects.Store.tableStore(Store.java:81)
at com.POS.PageObjects.Store.tableStore(Store.java:81)
at com.POS.PageObjects.Store.tableStore(Store.java:81)
at com.POS.PageObjects.Store.tableStore(Store.java:81)
at com.POS.PageObjects.Store.tableStore(Store.java:81)
at com.POS.PageObjects.Store.tableStore(Store.java:81)
at com.POS.PageObjects.Store.tableStore(Store.java:81)
at com.POS.PageObjects.Store.tableStore(Store.java:81)
at com.POS.PageObjects.Store.tableStore(Store.java:81)
at com.POS.PageObjects.Store.tableStore(Store.java:81)
at com.POS.PageObjects.Store.tableStore(Store.java:81)
at com.POS.PageObjects.Store.tableStore(Store.java:81)
at com.POS.PageObjects.Store.tableStore(Store.java:81)
at com.POS.PageObjects.Store.tableStore(Store.java:81)
at com.POS.PageObjects.Store.tableStore(Store.java:81)
at com.POS.PageObjects.Store.tableStore(Store.java:81)
at com.POS.PageObjects.Store.tableStore(Store.java:81)
at com.POS.PageObjects.Store.tableStore(Store.java:81)
at com.POS.PageObjects.Store.tableStore(Store.java:81)
at com.POS.PageObjects.Store.tableStore(Store.java:81)
at com.POS.PageObjects.Store.tableStore(Store.java:81)
at com.POS.PageObjects.Store.tableStore(Store.java:81)
at com.POS.PageObjects.Store.tableStore(Store.java:81)
at com.POS.PageObjects.Store.tableStore(Store.java:81)
at com.POS.PageObjects.Store.tableStore(Store.java:81)
at com.POS.PageObjects.Store.tableStore(Store.java:81)
at com.POS.PageObjects.Store.tableStore(Store.java:81)
at com.POS.PageObjects.Store.tableStore(Store.java:81)
at com.POS.PageObjects.Store.tableStore(Store.java:81)
at com.POS.PageObjects.Store.tableStore(Store.java:81)
at com.POS.PageObjects.Store.tableStore(Store.java:81)
at com.POS.PageObjects.Store.tableStore(Store.java:81)
at com.POS.PageObjects.Store.tableStore(Store.java:81)
at com.POS.PageObjects.Store.tableStore(Store.java:81)
at com.POS.PageObjects.Store.tableStore(Store.java:81)
at com.POS.PageObjects.Store.tableStore(Store.java:81)
at com.POS.PageObjects.Store.tableStore(Store.java:81)
at com.POS.PageObjects.Store.tableStore(Store.java:81)
at com.POS.PageObjects.Store.tableStore(Store.java:81)
at com.POS.PageObjects.Store.tableStore(Store.java:81)
at com.POS.PageObjects.Store.tableStore(Store.java:81)
at com.POS.PageObjects.Store.tableStore(Store.java:81)
at com.POS.PageObjects.Store.tableStore(Store.java:81)
at com.POS.PageObjects.Store.tableStore(Store.java:81)
at com.POS.PageObjects.Store.tableStore(Store.java:81)
at com.POS.PageObjects.Store.tableStore(Store.java:81)
at com.POS.PageObjects.Store.tableStore(Store.java:81)
at com.POS.PageObjects.Store.tableStore(Store.java:81)
at com.POS.PageObjects.Store.tableStore(Store.java:81)
at com.POS.PageObjects.Store.tableStore(Store.java:81)
at com.POS.PageObjects.Store.tableStore(Store.java:81)
at com.POS.PageObjects.Store.tableStore(Store.java:81)
at com.POS.PageObjects.Store.tableStore(Store.java:81)
at com.POS.PageObjects.Store.tableStore(Store.java:81)
at com.POS.PageObjects.Store.tableStore(Store.java:81)
at com.POS.PageObjects.Store.tableStore(Store.java:81)
at com.POS.PageObjects.Store.tableStore(Store.java:81)
at com.POS.PageObjects.Store.tableStore(Store.java:81)
at com.POS.PageObjects.Store.tableStore(Store.java:81)
at com.POS.PageObjects.Store.tableStore(Store.java:81)
at com.POS.PageObjects.Store.tableStore(Store.java:81)
at com.POS.PageObjects.Store.tableStore(Store.java:81)
at com.POS.PageObjects.Store.tableStore(Store.java:81)
at com.POS.PageObjects.Store.tableStore(Store.java:81)
at com.POS.PageObjects.Store.tableStore(Store.java:81)
at com.POS.PageObjects.Store.tableStore(Store.java:81)
at com.POS.PageObjects.Store.tableStore(Store.java:81)
at com.POS.PageObjects.Store.tableStore(Store.java:81)
at com.POS.PageObjects.Store.tableStore(Store.java:81)
at com.POS.PageObjects.Store.tableStore(Store.java:81)
at com.POS.PageObjects.Store.tableStore(Store.java:81)
at com.POS.PageObjects.Store.tableStore(Store.java:81)
at com.POS.PageObjects.Store.tableStore(Store.java:81)
at com.POS.PageObjects.Store.tableStore(Store.java:81)
at com.POS.PageObjects.Store.tableStore(Store.java:81)
at com.POS.PageObjects.Store.tableStore(Store.java:81)
at com.POS.PageObjects.Store.tableStore(Store.java:81)
at com.POS.PageObjects.Store.tableStore(Store.java:81)
at com.POS.PageObjects.Store.tableStore(Store.java:81)
at com.POS.PageObjects.Store.tableStore(Store.java:81)
at com.POS.PageObjects.Store.tableStore(Store.java:81)
at com.POS.PageObjects.Store.tableStore(Store.java:81)
at com.POS.PageObjects.Store.tableStore(Store.java:81)
at com.POS.PageObjects.Store.tableStore(Store.java:81)
at com.POS.PageObjects.Store.tableStore(Store.java:81)
at com.POS.PageObjects.Store.tableStore(Store.java:81)
at com.POS.PageObjects.Store.tableStore(Store.java:81)
at com.POS.PageObjects.Store.tableStore(Store.java:81)
at com.POS.PageObjects.Store.tableStore(Store.java:81)
at com.POS.PageObjects.Store.tableStore(Store.java:81)
at com.POS.PageObjects.Store.tableStore(Store.java:81)
at com.POS.PageObjects.Store.tableStore(Store.java:81)
at com.POS.PageObjects.Store.tableStore(Store.java:81)
at com.POS.PageObjects.Store.tableStore(Store.java:81)
at com.POS.PageObjects.Store.tableStore(Store.java:81)
at com.POS.PageObjects.Store.tableStore(Store.java:81)
at com.POS.PageObjects.Store.tableStore(Store.java:81)
at com.POS.PageObjects.Store.tableStore(Store.java:81)
at com.POS.PageObjects.Store.tableStore(Store.java:81)
at com.POS.PageObjects.Store.tableStore(Store.java:81)
at com.POS.PageObjects.Store.tableStore(Store.java:81)
at com.POS.PageObjects.Store.tableStore(Store.java:81)
at com.POS.PageObjects.Store.tableStore(Store.java:81)
at com.POS.PageObjects.Store.tableStore(Store.java:81)
at com.POS.PageObjects.Store.tableStore(Store.java:81)
at com.POS.PageObjects.Store.tableStore(Store.java:81)
at com.POS.PageObjects.Store.tableStore(Store.java:81)
at com.POS.PageObjects.Store.tableStore(Store.java:81)
at com.POS.PageObjects.Store.tableStore(Store.java:81)
at com.POS.PageObjects.Store.tableStore(Store.java:81)
at com.POS.PageObjects.Store.tableStore(Store.java:81)
at com.POS.PageObjects.Store.tableStore(Store.java:81)
at com.POS.PageObjects.Store.tableStore(Store.java:81)
at com.POS.PageObjects.Store.tableStore(Store.java:81)
at com.POS.PageObjects.Store.tableStore(Store.java:81)
at com.POS.PageObjects.Store.tableStore(Store.java:81)
at com.POS.PageObjects.Store.tableStore(Store.java:81)
at com.POS.PageObjects.Store.tableStore(Store.java:81)
at com.POS.PageObjects.Store.tableStore(Store.java:81)
at com.POS.PageObjects.Store.tableStore(Store.java:81)
at com.POS.PageObjects.Store.tableStore(Store.java:81)
at com.POS.PageObjects.Store.tableStore(Store.java:81)
at com.POS.PageObjects.Store.tableStore(Store.java:81)
at com.POS.PageObjects.Store.tableStore(Store.java:81)
at com.POS.PageObjects.Store.tableStore(Store.java:81)
at com.POS.PageObjects.Store.tableStore(Store.java:81)
at com.POS.PageObjects.Store.tableStore(Store.java:81)
at com.POS.PageObjects.Store.tableStore(Store.java:81)
at com.POS.PageObjects.Store.tableStore(Store.java:81)
at com.POS.PageObjects.Store.tableStore(Store.java:81)
at com.POS.PageObjects.Store.tableStore(Store.java:81)
at com.POS.PageObjects.Store.tableStore(Store.java:81)
at com.POS.PageObjects.Store.tableStore(Store.java:81)
at com.POS.PageObjects.Store.tableStore(Store.java:81)
at com.POS.PageObjects.Store.tableStore(Store.java:81)
at com.POS.PageObjects.Store.tableStore(Store.java:81)
at com.POS.PageObjects.Store.tableStore(Store.java:81)
at com.POS.PageObjects.Store.tableStore(Store.java:81)
at com.POS.PageObjects.Store.tableStore(Store.java:81)
at com.POS.PageObjects.Store.tableStore(Store.java:81)
at com.POS.PageObjects.Store.tableStore(Store.java:81)
at com.POS.PageObjects.Store.tableStore(Store.java:81)
at com.POS.PageObjects.Store.tableStore(Store.java:81)
at com.POS.PageObjects.Store.tableStore(Store.java:81)
at com.POS.PageObjects.Store.tableStore(Store.java:81)
at com.POS.PageObjects.Store.tableStore(Store.java:81)
at com.POS.PageObjects.Store.tableStore(Store.java:81)
at com.POS.PageObjects.Store.tableStore(Store.java:81)
at com.POS.PageObjects.Store.tableStore(Store.java:81)
at com.POS.PageObjects.Store.tableStore(Store.java:81)
at com.POS.PageObjects.Store.tableStore(Store.java:81)
at com.POS.PageObjects.Store.tableStore(Store.java:81)
at com.POS.PageObjects.Store.tableStore(Store.java:81)
at com.POS.PageObjects.Store.tableStore(Store.java:81)
at com.POS.PageObjects.Store.tableStore(Store.java:81)
at com.POS.PageObjects.Store.tableStore(Store.java:81)
at com.POS.PageObjects.Store.tableStore(Store.java:81)
at com.POS.PageObjects.Store.tableStore(Store.java:81)
at com.POS.PageObjects.Store.tableStore(Store.java:81)
at com.POS.PageObjects.Store.tableStore(Store.java:81)
at com.POS.PageObjects.Store.tableStore(Store.java:81)
at com.POS.PageObjects.Store.tableStore(Store.java:81)
at com.POS.PageObjects.Store.tableStore(Store.java:81)
at com.POS.PageObjects.Store.tableStore(Store.java:81)
at com.POS.PageObjects.Store.tableStore(Store.java:81)
at com.POS.PageObjects.Store.tableStore(Store.java:81)
at com.POS.PageObjects.Store.tableStore(Store.java:81)
at com.POS.PageObjects.Store.tableStore(Store.java:81)
at com.POS.PageObjects.Store.tableStore(Store.java:81)
at com.POS.PageObjects.Store.tableStore(Store.java:81)
at com.POS.PageObjects.Store.tableStore(Store.java:81)
at com.POS.PageObjects.Store.tableStore(Store.java:81)
at com.POS.PageObjects.Store.tableStore(Store.java:81)
at com.POS.PageObjects.Store.tableStore(Store.java:81)
at com.POS.PageObjects.Store.tableStore(Store.java:81)
at com.POS.PageObjects.Store.tableStore(Store.java:81)
at com.POS.PageObjects.Store.tableStore(Store.java:81)
at com.POS.PageObjects.Store.tableStore(Store.java:81)
at com.POS.PageObjects.Store.tableStore(Store.java:81)
at com.POS.PageObjects.Store.tableStore(Store.java:81)
at com.POS.PageObjects.Store.tableStore(Store.java:81)
at com.POS.PageObjects.Store.tableStore(Store.java:81)
at com.POS.PageObjects.Store.tableStore(Store.java:81)
at com.POS.PageObjects.Store.tableStore(Store.java:81)
at com.POS.PageObjects.Store.tableStore(Store.java:81)
at com.POS.PageObjects.Store.tableStore(Store.java:81)
at com.POS.PageObjects.Store.tableStore(Store.java:81)
at com.POS.PageObjects.Store.tableStore(Store.java:81)
at com.POS.PageObjects.Store.tableStore(Store.java:81)
at com.POS.PageObjects.Store.tableStore(Store.java:81)
at com.POS.PageObjects.Store.tableStore(Store.java:81)
at com.POS.PageObjects.Store.tableStore(Store.java:81)
at com.POS.PageObjects.Store.tableStore(Store.java:81)
at com.POS.PageObjects.Store.tableStore(Store.java:81)
at com.POS.PageObjects.Store.tableStore(Store.java:81)
at com.POS.PageObjects.Store.tableStore(Store.java:81)
at com.POS.PageObjects.Store.tableStore(Store.java:81)
at com.POS.PageObjects.Store.tableStore(Store.java:81)
at com.POS.PageObjects.Store.tableStore(Store.java:81)
at com.POS.PageObjects.Store.tableStore(Store.java:81)
at com.POS.PageObjects.Store.tableStore(Store.java:81)
at com.POS.PageObjects.Store.tableStore(Store.java:81)
at com.POS.PageObjects.Store.tableStore(Store.java:81)
at com.POS.PageObjects.Store.tableStore(Store.java:81)
at com.POS.PageObjects.Store.tableStore(Store.java:81)
at com.POS.PageObjects.Store.tableStore(Store.java:81)
at com.POS.PageObjects.Store.tableStore(Store.java:81)
at com.POS.PageObjects.Store.tableStore(Store.java:81)
at com.POS.PageObjects.Store.tableStore(Store.java:81)
at com.POS.PageObjects.Store.tableStore(Store.java:81)
at com.POS.PageObjects.Store.tableStore(Store.java:81)
at com.POS.PageObjects.Store.tableStore(Store.java:81)
at com.POS.PageObjects.Store.tableStore(Store.java:81)
at com.POS.PageObjects.Store.tableStore(Store.java:81)
at com.POS.PageObjects.Store.tableStore(Store.java:81)
at com.POS.PageObjects.Store.tableStore(Store.java:81)
at com.POS.PageObjects.Store.tableStore(Store.java:81)
at com.POS.PageObjects.Store.tableStore(Store.java:81)
at com.POS.PageObjects.Store.tableStore(Store.java:81)
at com.POS.PageObjects.Store.tableStore(Store.java:81)
at com.POS.PageObjects.Store.tableStore(Store.java:81)
at com.POS.PageObjects.Store.tableStore(Store.java:81)
at com.POS.PageObjects.Store.tableStore(Store.java:81)
at com.POS.PageObjects.Store.tableStore(Store.java:81)
at com.POS.PageObjects.Store.tableStore(Store.java:81)
at com.POS.PageObjects.Store.tableStore(Store.java:81)
at com.POS.PageObjects.Store.tableStore(Store.java:81)
at com.POS.PageObjects.Store.tableStore(Store.java:81)
at com.POS.PageObjects.Store.tableStore(Store.java:81)
at com.POS.PageObjects.Store.tableStore(Store.java:81)
at com.POS.PageObjects.Store.tableStore(Store.java:81)
at com.POS.PageObjects.Store.tableStore(Store.java:81)
at com.POS.PageObjects.Store.tableStore(Store.java:81)
at com.POS.PageObjects.Store.tableStore(Store.java:81)
at com.POS.PageObjects.Store.tableStore(Store.java:81)
at com.POS.PageObjects.Store.tableStore(Store.java:81)
at com.POS.PageObjects.Store.tableStore(Store.java:81)
at com.POS.PageObjects.Store.tableStore(Store.java:81)
at com.POS.PageObjects.Store.tableStore(Store.java:81)
at com.POS.PageObjects.Store.tableStore(Store.java:81)
at com.POS.PageObjects.Store.tableStore(Store.java:81)
at com.POS.PageObjects.Store.tableStore(Store.java:81)
at com.POS.PageObjects.Store.tableStore(Store.java:81)
at com.POS.PageObjects.Store.tableStore(Store.java:81)
at com.POS.PageObjects.Store.tableStore(Store.java:81)
at com.POS.PageObjects.Store.tableStore(Store.java:81)
at com.POS.PageObjects.Store.tableStore(Store.java:81)
at com.POS.PageObjects.Store.tableStore(Store.java:81)
at com.POS.PageObjects.Store.tableStore(Store.java:81)
at com.POS.PageObjects.Store.tableStore(Store.java:81)
at com.POS.PageObjects.Store.tableStore(Store.java:81)
at com.POS.PageObjects.Store.tableStore(Store.java:81)
at com.POS.PageObjects.Store.tableStore(Store.java:81)
at com.POS.PageObjects.Store.tableStore(Store.java:81)
at com.POS.PageObjects.Store.tableStore(Store.java:81)
at com.POS.PageObjects.Store.tableStore(Store.java:81)
at com.POS.PageObjects.Store.tableStore(Store.java:81)
at com.POS.PageObjects.Store.tableStore(Store.java:81)
at com.POS.PageObjects.Store.tableStore(Store.java:81)
at com.POS.PageObjects.Store.tableStore(Store.java:81)
at com.POS.PageObjects.Store.tableStore(Store.java:81)
at com.POS.PageObjects.Store.tableStore(Store.java:81)
at com.POS.PageObjects.Store.tableStore(Store.java:81)
at com.POS.PageObjects.Store.tableStore(Store.java:81)
at com.POS.PageObjects.Store.tableStore(Store.java:81)
at com.POS.PageObjects.Store.tableStore(Store.java:81)
at com.POS.PageObjects.Store.tableStore(Store.java:81)
at com.POS.PageObjects.Store.tableStore(Store.java:81)
at com.POS.PageObjects.Store.tableStore(Store.java:81)
at com.POS.PageObjects.Store.tableStore(Store.java:81)
at com.POS.PageObjects.Store.tableStore(Store.java:81)
at com.POS.PageObjects.Store.tableStore(Store.java:81)
at com.POS.PageObjects.Store.tableStore(Store.java:81)
at com.POS.PageObjects.Store.tableStore(Store.java:81)
at com.POS.PageObjects.Store.tableStore(Store.java:81)
at com.POS.PageObjects.Store.tableStore(Store.java:81)
at com.POS.PageObjects.Store.tableStore(Store.java:81)
at com.POS.PageObjects.Store.tableStore(Store.java:81)
at com.POS.PageObjects.Store.tableStore(Store.java:81)
at com.POS.PageObjects.Store.tableStore(Store.java:81)
at com.POS.PageObjects.Store.tableStore(Store.java:81)
at com.POS.PageObjects.Store.tableStore(Store.java:81)
at com.POS.PageObjects.Store.tableStore(Store.java:81)
at com.POS.PageObjects.Store.tableStore(Store.java:81)
at com.POS.PageObjects.Store.tableStore(Store.java:81)
at com.POS.PageObjects.Store.tableStore(Store.java:81)
at com.POS.PageObjects.Store.tableStore(Store.java:81)
at com.POS.PageObjects.Store.tableStore(Store.java:81)
at com.POS.PageObjects.Store.tableStore(Store.java:81)
at com.POS.PageObjects.Store.tableStore(Store.java:81)
at com.POS.PageObjects.Store.tableStore(Store.java:81)
at com.POS.PageObjects.Store.tableStore(Store.java:81)
at com.POS.PageObjects.Store.tableStore(Store.java:81)
at com.POS.PageObjects.Store.tableStore(Store.java:81)
at com.POS.PageObjects.Store.tableStore(Store.java:81)
at com.POS.PageObjects.Store.tableStore(Store.java:81)
at com.POS.PageObjects.Store.tableStore(Store.java:81)
at com.POS.PageObjects.Store.tableStore(Store.java:81)
at com.POS.PageObjects.Store.tableStore(Store.java:81)
at com.POS.PageObjects.Store.tableStore(Store.java:81)
at com.POS.PageObjects.Store.tableStore(Store.java:81)
at com.POS.PageObjects.Store.tableStore(Store.java:81)
at com.POS.PageObjects.Store.tableStore(Store.java:81)
at com.POS.PageObjects.Store.tableStore(Store.java:81)
at com.POS.PageObjects.Store.tableStore(Store.java:81)
at com.POS.PageObjects.Store.tableStore(Store.java:81)
at com.POS.PageObjects.Store.tableStore(Store.java:81)
at com.POS.PageObjects.Store.tableStore(Store.java:81)
at com.POS.PageObjects.Store.tableStore(Store.java:81)
at com.POS.PageObjects.Store.tableStore(Store.java:81)
at com.POS.PageObjects.Store.tableStore(Store.java:81)
at com.POS.PageObjects.Store.tableStore(Store.java:81)
at com.POS.PageObjects.Store.tableStore(Store.java:81)
at com.POS.PageObjects.Store.tableStore(Store.java:81)
at com.POS.PageObjects.Store.tableStore(Store.java:81)
at com.POS.PageObjects.Store.tableStore(Store.java:81)
at com.POS.PageObjects.Store.tableStore(Store.java:81)
at com.POS.PageObjects.Store.tableStore(Store.java:81)
at com.POS.PageObjects.Store.tableStore(Store.java:81)
at com.POS.PageObjects.Store.tableStore(Store.java:81)
at com.POS.PageObjects.Store.tableStore(Store.java:81)
at com.POS.PageObjects.Store.tableStore(Store.java:81)
at com.POS.PageObjects.Store.tableStore(Store.java:81)
at com.POS.PageObjects.Store.tableStore(Store.java:81)
at com.POS.PageObjects.Store.tableStore(Store.java:81)
at com.POS.PageObjects.Store.tableStore(Store.java:81)
at com.POS.PageObjects.Store.tableStore(Store.java:81)
at com.POS.PageObjects.Store.tableStore(Store.java:81)
at com.POS.PageObjects.Store.tableStore(Store.java:81)
at com.POS.PageObjects.Store.tableStore(Store.java:81)
at com.POS.PageObjects.Store.tableStore(Store.java:81)
at com.POS.PageObjects.Store.tableStore(Store.java:81)
at com.POS.PageObjects.Store.tableStore(Store.java:81)
at com.POS.PageObjects.Store.tableStore(Store.java:81)
]]>
    </error>
  </testcase> <!-- validateMenuClick -->
  <system-out/>
  <testcase classname="com.POS.Testcases.VerifyHomePageTest" name="validateMenuClick" time="30.045">
    <skipped/>
  </testcase> <!-- validateMenuClick -->
  <system-out/>
</testsuite> <!-- com.POS.Testcases.VerifyHomePageTest -->
