<?xml version="1.0" encoding="UTF-8"?>
<!-- Generated by org.testng.reporters.JUnitReportReporter -->
<testsuite hostname="DESKTOP-9H86UB9" failures="0" tests="4" name="com.POS.Testcases.VerifyUserLoginTest" time="77.369" errors="0" timestamp="2023-03-20T06:58:58 GST" skipped="0">
  <testcase classname="com.POS.Testcases.VerifyUserLoginTest" name="validateLogin" time="19.807"/>
  <system-out/>
  <testcase classname="com.POS.Testcases.VerifyUserLoginTest" name="validateAllLogin" time="38.274"/>
  <system-out/>
  <testcase classname="com.POS.Testcases.VerifyUserLoginTest" name="validateAllLogin" time="10.675"/>
  <system-out/>
  <testcase classname="com.POS.Testcases.VerifyUserLoginTest" name="validateAllLogin" time="8.613"/>
  <system-out/>
</testsuite> <!-- com.POS.Testcases.VerifyUserLoginTest -->
