<?xml version="1.0" encoding="UTF-8"?>
<!-- Generated by org.testng.reporters.JUnitReportReporter -->
<testsuite hostname="DESKTOP-9H86UB9" failures="0" tests="4" name="com.POS.Testcases.VerifyWaiterTest" time="61.005" errors="0" timestamp="2023-03-18T08:11:01 GST" skipped="0">
  <testcase classname="com.POS.Testcases.VerifyWaiterTest" name="validateShowCount" time="13.643"/>
  <system-out/>
  <testcase classname="com.POS.Testcases.VerifyWaiterTest" name="validateAddWaiter" time="17.464"/>
  <system-out/>
  <testcase classname="com.POS.Testcases.VerifyWaiterTest" name="validateSearchWaiter" time="12.943"/>
  <system-out/>
  <testcase classname="com.POS.Testcases.VerifyWaiterTest" name="validateEditWaiter" time="16.955"/>
  <system-out/>
</testsuite> <!-- com.POS.Testcases.VerifyWaiterTest -->
