<?xml version="1.0" encoding="UTF-8"?>
<!-- Generated by org.testng.reporters.JUnitReportReporter -->
<testsuite hostname="DESKTOP-9H86UB9" failures="0" tests="5" name="com.POS.Testcases.VerifyHomePageTest" time="431.593" errors="0" timestamp="2023-03-21T18:06:24 GST" skipped="3">
  <testcase classname="com.POS.Testcases.VerifyHomePageTest" name="validateElementsDisplay" time="36.060"/>
  <system-out/>
  <testcase classname="com.POS.Testcases.VerifyHomePageTest" name="validateElementsDisplay" time="156.018">
    <skipped/>
  </testcase> <!-- validateElementsDisplay -->
  <system-out/>
  <testcase classname="com.POS.Testcases.VerifyHomePageTest" name="validateMenuDisplay" time="110.991">
    <skipped/>
  </testcase> <!-- validateMenuDisplay -->
  <system-out/>
  <testcase classname="com.POS.Testcases.VerifyHomePageTest" name="validateMenuDisplay" time="88.588">
    <skipped/>
  </testcase> <!-- validateMenuDisplay -->
  <system-out/>
  <testcase classname="com.POS.Testcases.VerifyHomePageTest" name="validateMenuDisplay" time="39.936"/>
  <system-out/>
</testsuite> <!-- com.POS.Testcases.VerifyHomePageTest -->
