<?xml version="1.0" encoding="UTF-8"?>
<!-- Generated by org.testng.reporters.JUnitReportReporter -->
<testsuite hostname="DESKTOP-9H86UB9" failures="0" tests="9" name="com.POS.Testcases.VerifyProductPageTest" time="212.058" errors="0" timestamp="2023-03-20T16:27:36 GST" skipped="7">
  <testcase classname="com.POS.Testcases.VerifyProductPageTest" name="validateAddProduct" time="79.443"/>
  <system-out/>
  <testcase classname="com.POS.Testcases.VerifyProductPageTest" name="validateSearchPdt" time="132.615"/>
  <system-out/>
  <testcase classname="com.POS.Testcases.VerifyProductPageTest" name="validateUploadCSV">
    <skipped/>
  </testcase> <!-- validateUploadCSV -->
  <system-out/>
  <testcase classname="com.POS.Testcases.VerifyProductPageTest" name="validateShowPdtTblCount">
    <skipped/>
  </testcase> <!-- validateShowPdtTblCount -->
  <system-out/>
  <testcase classname="com.POS.Testcases.VerifyProductPageTest" name="validateFilterBySupplier">
    <skipped/>
  </testcase> <!-- validateFilterBySupplier -->
  <system-out/>
  <testcase classname="com.POS.Testcases.VerifyProductPageTest" name="validateDownloadCSV">
    <skipped/>
  </testcase> <!-- validateDownloadCSV -->
  <system-out/>
  <testcase classname="com.POS.Testcases.VerifyProductPageTest" name="validateFilterByPdtType">
    <skipped/>
  </testcase> <!-- validateFilterByPdtType -->
  <system-out/>
  <testcase classname="com.POS.Testcases.VerifyProductPageTest" name="validatePrintMenu">
    <skipped/>
  </testcase> <!-- validatePrintMenu -->
  <system-out/>
  <testcase classname="com.POS.Testcases.VerifyProductPageTest" name="validateFilterBySupPdtType">
    <skipped/>
  </testcase> <!-- validateFilterBySupPdtType -->
  <system-out/>
</testsuite> <!-- com.POS.Testcases.VerifyProductPageTest -->
