<?xml version="1.0" encoding="UTF-8"?>
<!-- Generated by org.testng.reporters.JUnitReportReporter -->
<testsuite hostname="DESKTOP-9H86UB9" failures="0" tests="4" name="com.POS.Testcases.VerifyUserLoginTest" time="105.028" errors="0" timestamp="2023-03-21T17:45:34 GST" skipped="1">
  <testcase classname="com.POS.Testcases.VerifyUserLoginTest" name="validateAllLogin" time="18.510"/>
  <system-out/>
  <testcase classname="com.POS.Testcases.VerifyUserLoginTest" name="validateAllLogin" time="47.841"/>
  <system-out/>
  <testcase classname="com.POS.Testcases.VerifyUserLoginTest" name="validateAllLogin" time="38.677"/>
  <system-out/>
  <testcase classname="com.POS.Testcases.VerifyUserLoginTest" name="validateLogin">
    <skipped/>
  </testcase> <!-- validateLogin -->
  <system-out/>
</testsuite> <!-- com.POS.Testcases.VerifyUserLoginTest -->
