<?xml version="1.0" encoding="UTF-8"?>
<!-- Generated by org.testng.reporters.JUnitReportReporter -->
<testsuite hostname="DESKTOP-9H86UB9" failures="0" tests="7" name="com.POS.Testcases.VerifyStoreManageTest" time="126.081" errors="0" timestamp="2023-03-18T08:11:01 GST" skipped="0">
  <testcase classname="com.POS.Testcases.VerifyStoreManageTest" name="validateAddZone" time="16.127"/>
  <system-out/>
  <testcase classname="com.POS.Testcases.VerifyStoreManageTest" name="validateEditZone" time="22.454"/>
  <system-out/>
  <testcase classname="com.POS.Testcases.VerifyStoreManageTest" name="validateAddStoreTable" time="16.709"/>
  <system-out/>
  <testcase classname="com.POS.Testcases.VerifyStoreManageTest" name="validateEditStoreTable" time="21.668"/>
  <system-out/>
  <testcase classname="com.POS.Testcases.VerifyStoreManageTest" name="validateDeleteStoreTbl" time="18.845"/>
  <system-out/>
  <testcase classname="com.POS.Testcases.VerifyStoreManageTest" name="validateDeleteZone" time="13.815"/>
  <system-out/>
  <testcase classname="com.POS.Testcases.VerifyStoreManageTest" name="validateDeleteStore" time="16.463"/>
  <system-out/>
</testsuite> <!-- com.POS.Testcases.VerifyStoreManageTest -->
