<?xml version="1.0" encoding="UTF-8"?>
<!-- Generated by org.testng.reporters.JUnitReportReporter -->
<testsuite hostname="DESKTOP-9H86UB9" failures="0" tests="1" name="com.POS.Testcases.VerifyStoreTest" time="10.808" errors="0" timestamp="2023-03-19T20:08:15 GST" skipped="0">
  <testcase classname="com.POS.Testcases.VerifyStoreTest" name="validateTableHeaders" time="10.808"/>
  <system-out/>
</testsuite> <!-- com.POS.Testcases.VerifyStoreTest -->
