<?xml version="1.0" encoding="UTF-8"?>
<!-- Generated by org.testng.reporters.JUnitReportReporter -->
<testsuite hostname="DESKTOP-9H86UB9" failures="0" tests="1" name="com.POS.Testcases.VerifySettingsTest" time="18.043" errors="0" timestamp="2023-03-18T08:11:01 GST" skipped="0">
  <testcase classname="com.POS.Testcases.VerifySettingsTest" name="validateAddUser" time="18.043"/>
  <system-out/>
</testsuite> <!-- com.POS.Testcases.VerifySettingsTest -->
