<?xml version="1.0" encoding="UTF-8"?>
<!-- Generated by org.testng.reporters.JUnitReportReporter -->
<testsuite hostname="DESKTOP-9H86UB9" failures="0" tests="3" name="com.obsqura.pomodel.LoginPageTest" time="61.452" errors="0" timestamp="2023-03-20T15:27:57 GST" skipped="0">
  <testcase classname="com.obsqura.pomodel.LoginPageTest" name="loginFunction" time="59.708"/>
  <system-out/>
  <testcase classname="com.obsqura.pomodel.LoginPageTest" name="homePageFunction" time="0.296"/>
  <system-out/>
  <testcase classname="com.obsqura.pomodel.LoginPageTest" name="bikeLtPageFunction" time="1.448"/>
  <system-out/>
</testsuite> <!-- com.obsqura.pomodel.LoginPageTest -->
