<?xml version="1.0" encoding="UTF-8"?>
<!-- Generated by org.testng.reporters.JUnitReportReporter -->
<testsuite skipped="0" hostname="DESKTOP-9H86UB9" name="com.POS.Testcases.VerifyStoreManageTest" tests="7" failures="0" timestamp="2023-03-17T09:48:23 GST" time="97.923" errors="0">
  <testcase name="validateAddZone" time="15.028" classname="com.POS.Testcases.VerifyStoreManageTest"/>
  <system-out/>
  <testcase name="validateEditZone" time="14.283" classname="com.POS.Testcases.VerifyStoreManageTest"/>
  <system-out/>
  <testcase name="validateAddStoreTable" time="14.758" classname="com.POS.Testcases.VerifyStoreManageTest"/>
  <system-out/>
  <testcase name="validateEditStoreTable" time="14.586" classname="com.POS.Testcases.VerifyStoreManageTest"/>
  <system-out/>
  <testcase name="validateDeleteStoreTbl" time="12.920" classname="com.POS.Testcases.VerifyStoreManageTest"/>
  <system-out/>
  <testcase name="validateDeleteZone" time="12.122" classname="com.POS.Testcases.VerifyStoreManageTest"/>
  <system-out/>
  <testcase name="validateDeleteStore" time="14.226" classname="com.POS.Testcases.VerifyStoreManageTest"/>
  <system-out/>
</testsuite> <!-- com.POS.Testcases.VerifyStoreManageTest -->
