<?xml version="1.0" encoding="UTF-8"?>
<!-- Generated by org.testng.reporters.JUnitReportReporter -->
<testsuite skipped="0" hostname="DESKTOP-9H86UB9" name="com.POS.Testcases.VerifyUserLoginTest" tests="4" failures="0" timestamp="2023-03-17T09:48:23 GST" time="135.155" errors="0">
  <testcase name="validateLogin" time="80.720" classname="com.POS.Testcases.VerifyUserLoginTest"/>
  <system-out/>
  <testcase name="validateAllLogin" time="11.141" classname="com.POS.Testcases.VerifyUserLoginTest"/>
  <system-out/>
  <testcase name="validateAllLogin" time="21.422" classname="com.POS.Testcases.VerifyUserLoginTest"/>
  <system-out/>
  <testcase name="validateAllLogin" time="21.872" classname="com.POS.Testcases.VerifyUserLoginTest"/>
  <system-out/>
</testsuite> <!-- com.POS.Testcases.VerifyUserLoginTest -->
