<?xml version="1.0" encoding="UTF-8"?>
<!-- Generated by org.testng.reporters.JUnitReportReporter -->
<testsuite skipped="0" hostname="DESKTOP-9H86UB9" name="com.POS.Testcases.VerifyCategoryTest" tests="2" failures="0" timestamp="2023-03-17T09:48:23 GST" time="96.657" errors="0">
  <testcase name="validateCatTblHeaders" time="82.565" classname="com.POS.Testcases.VerifyCategoryTest"/>
  <system-out/>
  <testcase name="validateAddCategory" time="14.092" classname="com.POS.Testcases.VerifyCategoryTest"/>
  <system-out/>
</testsuite> <!-- com.POS.Testcases.VerifyCategoryTest -->
