<?xml version="1.0" encoding="UTF-8"?>
<!-- Generated by org.testng.reporters.JUnitReportReporter -->
<testsuite skipped="0" hostname="DESKTOP-9H86UB9" name="com.POS.Testcases.VerifyHomePageTest" tests="4" failures="0" timestamp="2023-03-17T09:48:23 GST" time="101.501" errors="0">
  <testcase name="validateElementsDisplay" time="16.469" classname="com.POS.Testcases.VerifyHomePageTest"/>
  <system-out/>
  <testcase name="validateLanguageSelection" time="16.863" classname="com.POS.Testcases.VerifyHomePageTest"/>
  <system-out/>
  <testcase name="validateMenuDisplay" time="44.387" classname="com.POS.Testcases.VerifyHomePageTest"/>
  <system-out/>
  <testcase name="validateMenuClick" time="23.782" classname="com.POS.Testcases.VerifyHomePageTest"/>
  <system-out/>
</testsuite> <!-- com.POS.Testcases.VerifyHomePageTest -->
